<?xml version="1.0" encoding="UTF-8"?>
<!-- Generated by org.testng.reporters.JUnitXMLReporter -->
<testsuite ignored="2" hostname="LAPTOP-GBGPV52R" failures="0" tests="0" time="0.232" errors="0" timestamp="2024-02-07T12:37:12 IST">
  <testcase classname="testCases.tc_002TestCaseLogin" name="test_login" time="0.0">
    <ignored/>
  </testcase> <!-- test_login -->
  <testcase classname="testCases.tc_001TestcaseRegistrationPage" name="test_account_Registration" time="0.0">
    <ignored/>
  </testcase> <!-- test_account_Registration -->
</testsuite>
